<?xml version="1.0" encoding="UTF-8"?>
<!-- Generated by org.testng.reporters.JUnitXMLReporter -->
<testsuite ignored="4" hostname="KI-LAPTOP309" failures="0" tests="4" name="ChromeTest" time="0.098" errors="0" timestamp="2023-01-26T18:45:52 IST">
  <testcase classname="suiteTestNGpractice.TestSuiteClass_1" name="test3" time="0.011"/>
  <testcase classname="suiteTestNGpractice.TestSuiteClass_1" name="test1" time="0.001"/>
  <testcase classname="suiteTestNGpractice.TestSuiteClass_2" name="testB" time="0.002"/>
  <testcase classname="suiteTestNGpractice.TestSuiteClass_2" name="testD" time="0.001"/>
  <testcase classname="suiteTestNGpractice.TestSuiteClass_2" name="testA" time="0.0">
    <ignored/>
  </testcase> <!-- testA -->
  <testcase classname="suiteTestNGpractice.TestSuiteClass_1" name="test2" time="0.0">
    <ignored/>
  </testcase> <!-- test2 -->
  <testcase classname="suiteTestNGpractice.TestSuiteClass_2" name="testC" time="0.0">
    <ignored/>
  </testcase> <!-- testC -->
  <testcase classname="suiteTestNGpractice.TestSuiteClass_1" name="test4" time="0.0">
    <ignored/>
  </testcase> <!-- test4 -->
</testsuite> <!-- ChromeTest -->
