<?xml version="1.0" encoding="UTF-8"?>
<!-- Generated by org.testng.reporters.JUnitXMLReporter -->
<testsuite ignored="2" hostname="KI-LAPTOP309" failures="0" tests="6" name="Test1234ABCD" time="0.053" errors="0" timestamp="2023-01-25T14:51:57 IST">
  <testcase classname="suiteTestNGpractice.TestSuiteClass_1" name="test3" time="0.006"/>
  <testcase classname="suiteTestNGpractice.TestSuiteClass_1" name="test1" time="0.001"/>
  <testcase classname="suiteTestNGpractice.TestSuiteClass_1" name="test4" time="0.001"/>
  <testcase classname="suiteTestNGpractice.TestSuiteClass_1" name="test2" time="0.001"/>
  <testcase classname="suiteTestNGpractice.TestSuiteClass_2" name="testA" time="0.001"/>
  <testcase classname="suiteTestNGpractice.TestSuiteClass_2" name="testC" time="0.0"/>
  <testcase classname="suiteTestNGpractice.TestSuiteClass_2" name="testD" time="0.0">
    <ignored/>
  </testcase> <!-- testD -->
  <testcase classname="suiteTestNGpractice.TestSuiteClass_2" name="testB" time="0.0">
    <ignored/>
  </testcase> <!-- testB -->
</testsuite> <!-- Test1234ABCD -->
