<?xml version="1.0" encoding="UTF-8"?>
<!-- Generated by org.testng.reporters.JUnitXMLReporter -->
<testsuite ignored="0" hostname="KI-LAPTOP309" failures="0" tests="4" name="Default test" time="0.054" errors="0" timestamp="2023-01-25T18:42:15 IST">
  <testcase classname="suiteTestNGpractice.TestSuiteClass_1" name="test3" time="0.008"/>
  <testcase classname="suiteTestNGpractice.TestSuiteClass_1" name="test4" time="0.001"/>
  <testcase classname="suiteTestNGpractice.TestSuiteClass_1" name="test1" time="0.001"/>
  <testcase classname="suiteTestNGpractice.TestSuiteClass_1" name="test2" time="0.001"/>
</testsuite> <!-- Default test -->
